[2026-05-10 16:39:46] INFO: ExecuteAsync ЗАПУЩЕН! вс,10.05.2026 16:39:46
[2026-05-10 16:39:46] INFO: ExecuteAsync START
[2026-05-10 16:39:56] INFO: ЗАДАЧА ВЫПОЛНЯЕТСЯ! вс,10.05.2026 16:39:56
[2026-05-10 16:39:56] INFO: TASK RUN
[2026-05-10 16:40:06] INFO: ЗАДАЧА ВЫПОЛНЯЕТСЯ! вс,10.05.2026 16:40:06
[2026-05-10 16:40:06] INFO: TASK RUN
[2026-05-10 16:40:13] INFO: Задача отменена токеном
[2026-05-10 16:40:13] INFO: ExecuteAsync ЗАВЕРШЕН
[2026-05-10 17:07:16] INFO: ExecuteAsync ЗАПУЩЕН! вс,10.05.2026 17:07:16
[2026-05-10 17:07:16] INFO: ExecuteAsync START
[2026-05-10 17:07:26] INFO: ЗАДАЧА ВЫПОЛНЯЕТСЯ! вс,10.05.2026 17:07:26
[2026-05-10 17:07:26] INFO: TASK RUN
[2026-05-10 17:07:36] INFO: ЗАДАЧА ВЫПОЛНЯЕТСЯ! вс,10.05.2026 17:07:36
[2026-05-10 17:07:36] INFO: TASK RUN
[2026-05-10 17:07:46] INFO: ЗАДАЧА ВЫПОЛНЯЕТСЯ! вс,10.05.2026 17:07:46
[2026-05-10 17:07:46] INFO: TASK RUN
[2026-05-10 17:07:56] INFO: ЗАДАЧА ВЫПОЛНЯЕТСЯ! вс,10.05.2026 17:07:56
[2026-05-10 17:07:56] INFO: TASK RUN
[2026-05-10 17:08:06] INFO: ЗАДАЧА ВЫПОЛНЯЕТСЯ! вс,10.05.2026 17:08:06
[2026-05-10 17:08:06] INFO: TASK RUN
[2026-05-10 17:08:16] INFO: ЗАДАЧА ВЫПОЛНЯЕТСЯ! вс,10.05.2026 17:08:16
[2026-05-10 17:08:16] INFO: TASK RUN
[2026-05-10 17:08:26] INFO: ЗАДАЧА ВЫПОЛНЯЕТСЯ! вс,10.05.2026 17:08:26
[2026-05-10 17:08:26] INFO: TASK RUN
[2026-05-10 17:08:36] INFO: ЗАДАЧА ВЫПОЛНЯЕТСЯ! вс,10.05.2026 17:08:36
[2026-05-10 17:08:36] INFO: TASK RUN
[2026-05-10 17:08:46] INFO: ЗАДАЧА ВЫПОЛНЯЕТСЯ! вс,10.05.2026 17:08:46
[2026-05-10 17:08:46] INFO: TASK RUN
[2026-05-10 17:08:56] INFO: ЗАДАЧА ВЫПОЛНЯЕТСЯ! вс,10.05.2026 17:08:56
[2026-05-10 17:08:56] INFO: TASK RUN
[2026-05-10 17:09:06] INFO: ЗАДАЧА ВЫПОЛНЯЕТСЯ! вс,10.05.2026 17:09:06
[2026-05-10 17:09:06] INFO: TASK RUN
[2026-05-10 17:09:16] INFO: ЗАДАЧА ВЫПОЛНЯЕТСЯ! вс,10.05.2026 17:09:16
[2026-05-10 17:09:16] INFO: TASK RUN
[2026-05-10 17:09:26] INFO: ЗАДАЧА ВЫПОЛНЯЕТСЯ! вс,10.05.2026 17:09:26
[2026-05-10 17:09:26] INFO: TASK RUN
[2026-05-10 17:09:36] INFO: ЗАДАЧА ВЫПОЛНЯЕТСЯ! вс,10.05.2026 17:09:36
[2026-05-10 17:09:36] INFO: TASK RUN
[2026-05-10 17:09:46] INFO: ЗАДАЧА ВЫПОЛНЯЕТСЯ! вс,10.05.2026 17:09:46
[2026-05-10 17:09:46] INFO: TASK RUN
[2026-05-10 17:09:56] INFO: ЗАДАЧА ВЫПОЛНЯЕТСЯ! вс,10.05.2026 17:09:56
[2026-05-10 17:09:56] INFO: TASK RUN
[2026-05-10 17:10:06] INFO: ЗАДАЧА ВЫПОЛНЯЕТСЯ! вс,10.05.2026 17:10:06
[2026-05-10 17:10:06] INFO: TASK RUN
[2026-05-10 17:10:16] INFO: ЗАДАЧА ВЫПОЛНЯЕТСЯ! вс,10.05.2026 17:10:16
[2026-05-10 17:10:16] INFO: TASK RUN
[2026-05-10 17:10:26] INFO: ЗАДАЧА ВЫПОЛНЯЕТСЯ! вс,10.05.2026 17:10:26
[2026-05-10 17:10:26] INFO: TASK RUN
[2026-05-10 17:10:36] INFO: ЗАДАЧА ВЫПОЛНЯЕТСЯ! вс,10.05.2026 17:10:36
[2026-05-10 17:10:36] INFO: TASK RUN
[2026-05-10 17:10:46] INFO: ЗАДАЧА ВЫПОЛНЯЕТСЯ! вс,10.05.2026 17:10:46
[2026-05-10 17:10:46] INFO: TASK RUN
[2026-05-10 17:10:56] INFO: ЗАДАЧА ВЫПОЛНЯЕТСЯ! вс,10.05.2026 17:10:56
[2026-05-10 17:10:56] INFO: TASK RUN
[2026-05-10 17:11:06] INFO: ЗАДАЧА ВЫПОЛНЯЕТСЯ! вс,10.05.2026 17:11:06
[2026-05-10 17:11:06] INFO: TASK RUN
[2026-05-10 17:11:16] INFO: ЗАДАЧА ВЫПОЛНЯЕТСЯ! вс,10.05.2026 17:11:16
[2026-05-10 17:11:16] INFO: TASK RUN
[2026-05-10 17:11:26] INFO: ЗАДАЧА ВЫПОЛНЯЕТСЯ! вс,10.05.2026 17:11:26
[2026-05-10 17:11:26] INFO: TASK RUN
[2026-05-10 17:11:36] INFO: ЗАДАЧА ВЫПОЛНЯЕТСЯ! вс,10.05.2026 17:11:36
[2026-05-10 17:11:36] INFO: TASK RUN
[2026-05-10 17:11:46] INFO: ЗАДАЧА ВЫПОЛНЯЕТСЯ! вс,10.05.2026 17:11:46
[2026-05-10 17:11:46] INFO: TASK RUN
[2026-05-10 17:11:56] INFO: ЗАДАЧА ВЫПОЛНЯЕТСЯ! вс,10.05.2026 17:11:56
[2026-05-10 17:11:56] INFO: TASK RUN
[2026-05-10 17:12:06] INFO: ЗАДАЧА ВЫПОЛНЯЕТСЯ! вс,10.05.2026 17:12:06
[2026-05-10 17:12:06] INFO: TASK RUN
[2026-05-10 17:12:16] INFO: ЗАДАЧА ВЫПОЛНЯЕТСЯ! вс,10.05.2026 17:12:16
[2026-05-10 17:12:16] INFO: TASK RUN
[2026-05-10 17:12:26] INFO: ЗАДАЧА ВЫПОЛНЯЕТСЯ! вс,10.05.2026 17:12:26
[2026-05-10 17:12:26] INFO: TASK RUN
[2026-05-10 17:12:36] INFO: ЗАДАЧА ВЫПОЛНЯЕТСЯ! вс,10.05.2026 17:12:36
[2026-05-10 17:12:36] INFO: TASK RUN
[2026-05-10 17:12:46] INFO: ЗАДАЧА ВЫПОЛНЯЕТСЯ! вс,10.05.2026 17:12:46
[2026-05-10 17:12:46] INFO: TASK RUN
[2026-05-10 17:12:56] INFO: ЗАДАЧА ВЫПОЛНЯЕТСЯ! вс,10.05.2026 17:12:56
[2026-05-10 17:12:56] INFO: TASK RUN
[2026-05-10 17:13:06] INFO: ЗАДАЧА ВЫПОЛНЯЕТСЯ! вс,10.05.2026 17:13:06
[2026-05-10 17:13:06] INFO: TASK RUN
[2026-05-10 17:13:16] INFO: ЗАДАЧА ВЫПОЛНЯЕТСЯ! вс,10.05.2026 17:13:16
[2026-05-10 17:13:16] INFO: TASK RUN
[2026-05-10 17:13:26] INFO: ЗАДАЧА ВЫПОЛНЯЕТСЯ! вс,10.05.2026 17:13:26
[2026-05-10 17:13:26] INFO: TASK RUN
[2026-05-10 17:13:36] INFO: ЗАДАЧА ВЫПОЛНЯЕТСЯ! вс,10.05.2026 17:13:36
[2026-05-10 17:13:36] INFO: TASK RUN
[2026-05-10 17:13:46] INFO: ЗАДАЧА ВЫПОЛНЯЕТСЯ! вс,10.05.2026 17:13:46
[2026-05-10 17:13:49] INFO: TASK RUN
[2026-05-10 17:13:56] INFO: ЗАДАЧА ВЫПОЛНЯЕТСЯ! вс,10.05.2026 17:13:56
[2026-05-10 17:13:56] INFO: TASK RUN
[2026-05-10 17:14:06] INFO: ЗАДАЧА ВЫПОЛНЯЕТСЯ! вс,10.05.2026 17:14:06
[2026-05-10 17:14:08] INFO: TASK RUN
[2026-05-10 17:14:16] INFO: ЗАДАЧА ВЫПОЛНЯЕТСЯ! вс,10.05.2026 17:14:16
[2026-05-10 17:14:16] INFO: TASK RUN
[2026-05-10 17:14:26] INFO: ЗАДАЧА ВЫПОЛНЯЕТСЯ! вс,10.05.2026 17:14:26
[2026-05-10 17:14:26] INFO: TASK RUN
[2026-05-10 17:14:36] INFO: ЗАДАЧА ВЫПОЛНЯЕТСЯ! вс,10.05.2026 17:14:36
[2026-05-10 17:15:30] INFO: CACHE MISS: Загрузка жанров из БД
[2026-05-10 17:15:34] INFO: БД вернула 2 жанров
[2026-05-10 17:15:34] INFO: Жанры сохранены в кэш (Sliding 5 мин)
[2026-05-10 17:15:43] INFO: ExecuteAsync ЗАПУЩЕН! вс,10.05.2026 17:15:43
[2026-05-10 17:15:43] INFO: ExecuteAsync START
[2026-05-10 17:15:53] INFO: ЗАДАЧА ВЫПОЛНЯЕТСЯ! вс,10.05.2026 17:15:53
[2026-05-10 17:15:53] INFO: TASK RUN
[2026-05-10 17:15:58] INFO: Задача отменена токеном
[2026-05-10 17:15:58] INFO: ExecuteAsync ЗАВЕРШЕН
[2026-05-10 17:16:01] INFO: ExecuteAsync ЗАПУЩЕН! вс,10.05.2026 17:16:01
[2026-05-10 17:16:01] INFO: ExecuteAsync START
[2026-05-10 17:16:11] INFO: ЗАДАЧА ВЫПОЛНЯЕТСЯ! вс,10.05.2026 17:16:11
[2026-05-10 17:16:11] INFO: TASK RUN
[2026-05-10 17:16:17] INFO: CACHE MISS: Загрузка жанров из БД
[2026-05-10 17:16:18] INFO: БД вернула 2 жанров
[2026-05-10 17:16:18] INFO: Жанры сохранены в кэш (Sliding 5 мин)
[2026-05-10 17:16:21] INFO: ЗАДАЧА ВЫПОЛНЯЕТСЯ! вс,10.05.2026 17:16:21
[2026-05-10 17:16:21] INFO: TASK RUN
[2026-05-10 17:16:31] INFO: ЗАДАЧА ВЫПОЛНЯЕТСЯ! вс,10.05.2026 17:16:31
[2026-05-10 17:16:31] INFO: TASK RUN
[2026-05-10 17:16:36] INFO: CACHE HIT: 2 жанров из кэша
[2026-05-10 17:16:39] INFO: CACHE HIT: 2 жанров из кэша
[2026-05-10 17:16:41] INFO: ЗАДАЧА ВЫПОЛНЯЕТСЯ! вс,10.05.2026 17:16:41
[2026-05-10 17:16:41] INFO: TASK RUN
[2026-05-10 17:16:51] INFO: ЗАДАЧА ВЫПОЛНЯЕТСЯ! вс,10.05.2026 17:16:51
[2026-05-10 17:16:54] INFO: TASK RUN
[2026-05-10 17:17:01] INFO: ЗАДАЧА ВЫПОЛНЯЕТСЯ! вс,10.05.2026 17:17:01
[2026-05-10 17:17:03] INFO: TASK RUN
[2026-05-10 17:17:11] INFO: ЗАДАЧА ВЫПОЛНЯЕТСЯ! вс,10.05.2026 17:17:11
[2026-05-10 17:17:11] INFO: TASK RUN
[2026-05-10 17:17:21] INFO: ЗАДАЧА ВЫПОЛНЯЕТСЯ! вс,10.05.2026 17:17:21
[2026-05-10 17:17:21] INFO: TASK RUN
[2026-05-10 17:17:31] INFO: ЗАДАЧА ВЫПОЛНЯЕТСЯ! вс,10.05.2026 17:17:31
[2026-05-10 17:17:31] INFO: TASK RUN
[2026-05-10 17:17:41] INFO: ЗАДАЧА ВЫПОЛНЯЕТСЯ! вс,10.05.2026 17:17:41
[2026-05-10 17:17:41] INFO: TASK RUN
[2026-05-10 17:17:51] INFO: ЗАДАЧА ВЫПОЛНЯЕТСЯ! вс,10.05.2026 17:17:51
[2026-05-10 17:17:51] INFO: TASK RUN
[2026-05-10 17:18:01] INFO: ЗАДАЧА ВЫПОЛНЯЕТСЯ! вс,10.05.2026 17:18:01
[2026-05-10 17:18:01] INFO: TASK RUN
[2026-05-10 17:18:11] INFO: ЗАДАЧА ВЫПОЛНЯЕТСЯ! вс,10.05.2026 17:18:11
[2026-05-10 17:18:11] INFO: TASK RUN
[2026-05-10 17:18:21] INFO: ЗАДАЧА ВЫПОЛНЯЕТСЯ! вс,10.05.2026 17:18:21
[2026-05-10 17:18:50] INFO: TASK RUN
[2026-05-10 17:18:51] INFO: ЗАДАЧА ВЫПОЛНЯЕТСЯ! вс,10.05.2026 17:18:51
[2026-05-10 17:18:51] INFO: TASK RUN
[2026-05-10 17:18:52] INFO: ЗАДАЧА ВЫПОЛНЯЕТСЯ! вс,10.05.2026 17:18:52
[2026-05-10 17:18:52] INFO: TASK RUN
[2026-05-10 17:19:01] INFO: ЗАДАЧА ВЫПОЛНЯЕТСЯ! вс,10.05.2026 17:19:01
[2026-05-10 17:19:01] INFO: TASK RUN
[2026-05-10 17:19:11] INFO: ЗАДАЧА ВЫПОЛНЯЕТСЯ! вс,10.05.2026 17:19:11
[2026-05-10 17:19:11] INFO: TASK RUN
[2026-05-10 17:19:21] INFO: ЗАДАЧА ВЫПОЛНЯЕТСЯ! вс,10.05.2026 17:19:21
[2026-05-10 17:19:22] INFO: TASK RUN
[2026-05-10 17:19:31] INFO: ЗАДАЧА ВЫПОЛНЯЕТСЯ! вс,10.05.2026 17:19:31
[2026-05-10 17:19:31] INFO: TASK RUN
[2026-05-10 17:19:41] INFO: ЗАДАЧА ВЫПОЛНЯЕТСЯ! вс,10.05.2026 17:19:41
[2026-05-10 17:19:41] INFO: TASK RUN
[2026-05-10 17:19:51] INFO: ЗАДАЧА ВЫПОЛНЯЕТСЯ! вс,10.05.2026 17:19:51
[2026-05-10 17:19:51] INFO: TASK RUN
[2026-05-10 17:20:01] INFO: ЗАДАЧА ВЫПОЛНЯЕТСЯ! вс,10.05.2026 17:20:01
[2026-05-10 17:20:01] INFO: TASK RUN
[2026-05-10 17:20:11] INFO: ЗАДАЧА ВЫПОЛНЯЕТСЯ! вс,10.05.2026 17:20:11
[2026-05-10 17:20:18] INFO: TASK RUN
[2026-05-10 17:20:21] INFO: ЗАДАЧА ВЫПОЛНЯЕТСЯ! вс,10.05.2026 17:20:21
[2026-05-10 17:20:21] INFO: TASK RUN
[2026-05-10 17:20:31] INFO: ЗАДАЧА ВЫПОЛНЯЕТСЯ! вс,10.05.2026 17:20:31
[2026-05-10 17:20:31] INFO: TASK RUN
[2026-05-10 17:20:41] INFO: ЗАДАЧА ВЫПОЛНЯЕТСЯ! вс,10.05.2026 17:20:41
[2026-05-10 17:20:41] INFO: TASK RUN
[2026-05-10 17:20:51] INFO: ЗАДАЧА ВЫПОЛНЯЕТСЯ! вс,10.05.2026 17:20:51
[2026-05-10 17:20:51] INFO: TASK RUN
[2026-05-10 17:21:01] INFO: ЗАДАЧА ВЫПОЛНЯЕТСЯ! вс,10.05.2026 17:21:01
[2026-05-10 17:21:01] INFO: TASK RUN
[2026-05-10 17:21:11] INFO: ЗАДАЧА ВЫПОЛНЯЕТСЯ! вс,10.05.2026 17:21:11
[2026-05-10 17:21:11] INFO: TASK RUN
[2026-05-10 17:21:21] INFO: ЗАДАЧА ВЫПОЛНЯЕТСЯ! вс,10.05.2026 17:21:21
[2026-05-10 17:21:21] INFO: TASK RUN
[2026-05-10 17:21:31] INFO: ЗАДАЧА ВЫПОЛНЯЕТСЯ! вс,10.05.2026 17:21:31
[2026-05-10 17:21:31] INFO: TASK RUN
[2026-05-10 17:21:41] INFO: ЗАДАЧА ВЫПОЛНЯЕТСЯ! вс,10.05.2026 17:21:41
[2026-05-10 17:21:41] INFO: TASK RUN
[2026-05-10 17:21:51] INFO: ЗАДАЧА ВЫПОЛНЯЕТСЯ! вс,10.05.2026 17:21:51
[2026-05-10 17:21:51] INFO: TASK RUN
[2026-05-10 17:22:01] INFO: ЗАДАЧА ВЫПОЛНЯЕТСЯ! вс,10.05.2026 17:22:01
[2026-05-10 17:22:01] INFO: TASK RUN
[2026-05-10 17:22:11] INFO: ЗАДАЧА ВЫПОЛНЯЕТСЯ! вс,10.05.2026 17:22:11
[2026-05-10 17:22:11] INFO: TASK RUN
[2026-05-10 17:22:21] INFO: ЗАДАЧА ВЫПОЛНЯЕТСЯ! вс,10.05.2026 17:22:21
[2026-05-10 17:22:21] INFO: TASK RUN
[2026-05-10 17:22:31] INFO: ЗАДАЧА ВЫПОЛНЯЕТСЯ! вс,10.05.2026 17:22:31
[2026-05-10 17:22:31] INFO: TASK RUN
[2026-05-10 17:22:41] INFO: ЗАДАЧА ВЫПОЛНЯЕТСЯ! вс,10.05.2026 17:22:41
[2026-05-10 17:22:41] INFO: TASK RUN
[2026-05-10 17:22:41] INFO: Обновление книги ID=8
[2026-05-10 17:22:42] INFO: Книга ID=8 успешно обновлена в БД
[2026-05-10 17:22:42] INFO: Кэш жанров и авторов инвалидирован после обновления книги
