[2026-05-09 16:34:33] INFO: Задача была инициализирована: сб,09.05.2026 16:34:33
[2026-05-09 16:36:07] INFO: ExecuteAsync ЗАПУЩЕН! сб,09.05.2026 16:36:07
[2026-05-09 16:36:17] INFO: ЗАДАЧА ВЫПОЛНЯЕТСЯ! сб,09.05.2026 16:36:17
[2026-05-09 16:36:27] INFO: ЗАДАЧА ВЫПОЛНЯЕТСЯ! сб,09.05.2026 16:36:27
[2026-05-09 16:36:37] INFO: ЗАДАЧА ВЫПОЛНЯЕТСЯ! сб,09.05.2026 16:36:37
[2026-05-09 16:36:45] INFO: ExecuteAsync ЗАПУЩЕН! сб,09.05.2026 16:36:45
[2026-05-09 16:36:45] INFO: ExecuteAsync START
[2026-05-09 16:36:55] INFO: ЗАДАЧА ВЫПОЛНЯЕТСЯ! сб,09.05.2026 16:36:55
[2026-05-09 16:36:55] INFO: TASK RUN
[2026-05-09 16:37:05] INFO: ЗАДАЧА ВЫПОЛНЯЕТСЯ! сб,09.05.2026 16:37:05
[2026-05-09 16:37:05] INFO: TASK RUN
[2026-05-09 16:37:15] INFO: ЗАДАЧА ВЫПОЛНЯЕТСЯ! сб,09.05.2026 16:37:15
[2026-05-09 16:37:15] INFO: TASK RUN
[2026-05-09 16:37:25] INFO: ЗАДАЧА ВЫПОЛНЯЕТСЯ! сб,09.05.2026 16:37:25
[2026-05-09 16:37:25] INFO: TASK RUN
[2026-05-09 16:37:35] INFO: ЗАДАЧА ВЫПОЛНЯЕТСЯ! сб,09.05.2026 16:37:35
[2026-05-09 16:37:35] INFO: TASK RUN
[2026-05-09 16:37:45] INFO: ЗАДАЧА ВЫПОЛНЯЕТСЯ! сб,09.05.2026 16:37:45
[2026-05-09 16:37:45] INFO: TASK RUN
[2026-05-09 16:37:55] INFO: ЗАДАЧА ВЫПОЛНЯЕТСЯ! сб,09.05.2026 16:37:55
[2026-05-09 16:37:55] INFO: TASK RUN
[2026-05-09 16:38:05] INFO: ЗАДАЧА ВЫПОЛНЯЕТСЯ! сб,09.05.2026 16:38:05
[2026-05-09 16:38:05] INFO: TASK RUN
[2026-05-09 16:38:15] INFO: ЗАДАЧА ВЫПОЛНЯЕТСЯ! сб,09.05.2026 16:38:15
[2026-05-09 16:38:15] INFO: TASK RUN
[2026-05-09 16:38:25] INFO: ЗАДАЧА ВЫПОЛНЯЕТСЯ! сб,09.05.2026 16:38:25
[2026-05-09 16:38:25] INFO: TASK RUN
[2026-05-09 16:38:35] INFO: ЗАДАЧА ВЫПОЛНЯЕТСЯ! сб,09.05.2026 16:38:35
[2026-05-09 16:38:35] INFO: TASK RUN
[2026-05-09 16:38:45] INFO: ЗАДАЧА ВЫПОЛНЯЕТСЯ! сб,09.05.2026 16:38:45
[2026-05-09 16:38:45] INFO: TASK RUN
[2026-05-09 16:38:55] INFO: ЗАДАЧА ВЫПОЛНЯЕТСЯ! сб,09.05.2026 16:38:55
[2026-05-09 16:38:55] INFO: TASK RUN
[2026-05-09 16:39:05] INFO: ЗАДАЧА ВЫПОЛНЯЕТСЯ! сб,09.05.2026 16:39:05
[2026-05-09 16:39:05] INFO: TASK RUN
[2026-05-09 16:39:15] INFO: ЗАДАЧА ВЫПОЛНЯЕТСЯ! сб,09.05.2026 16:39:15
[2026-05-09 16:39:15] INFO: TASK RUN
[2026-05-09 16:39:25] INFO: ЗАДАЧА ВЫПОЛНЯЕТСЯ! сб,09.05.2026 16:39:25
[2026-05-09 16:39:25] INFO: TASK RUN
[2026-05-09 16:39:35] INFO: ЗАДАЧА ВЫПОЛНЯЕТСЯ! сб,09.05.2026 16:39:35
[2026-05-09 16:39:35] INFO: TASK RUN
[2026-05-09 16:39:45] INFO: ЗАДАЧА ВЫПОЛНЯЕТСЯ! сб,09.05.2026 16:39:45
[2026-05-09 16:39:45] INFO: TASK RUN
[2026-05-09 16:39:55] INFO: ЗАДАЧА ВЫПОЛНЯЕТСЯ! сб,09.05.2026 16:39:55
[2026-05-09 16:39:55] INFO: TASK RUN
[2026-05-09 16:39:59] INFO: Задача отменена токеном
[2026-05-09 16:39:59] INFO: ExecuteAsync ЗАВЕРШЕН
